INFO    -  Building documentation... 
Traceback (most recent call last):
  File "/usr/bin/mkdocs", line 9, in <module>
    load_entry_point('mkdocs==0.15.3', 'console_scripts', 'mkdocs')()
  File "/usr/lib/python3/dist-packages/click/core.py", line 722, in __call__
    return self.main(*args, **kwargs)
  File "/usr/lib/python3/dist-packages/click/core.py", line 697, in main
    rv = self.invoke(ctx)
  File "/usr/lib/python3/dist-packages/click/core.py", line 1066, in invoke
    return _process_result(sub_ctx.command.invoke(sub_ctx))
  File "/usr/lib/python3/dist-packages/click/core.py", line 895, in invoke
    return ctx.invoke(self.callback, **ctx.params)
  File "/usr/lib/python3/dist-packages/click/core.py", line 535, in invoke
    return callback(*args, **kwargs)
  File "/usr/lib/python3/dist-packages/mkdocs/__main__.py", line 115, in serve_command
    livereload=livereload,
  File "/usr/lib/python3/dist-packages/mkdocs/commands/serve.py", line 78, in serve
    config = builder()
  File "/usr/lib/python3/dist-packages/mkdocs/commands/serve.py", line 71, in builder
    theme=theme,
  File "/usr/lib/python3/dist-packages/mkdocs/config/base.py", line 147, in load_config
    cfg.load_file(config_file)
  File "/usr/lib/python3/dist-packages/mkdocs/config/base.py", line 100, in load_file
    return self.load_dict(utils.yaml_load(config_file))
  File "/usr/lib/python3/dist-packages/mkdocs/utils/__init__.py", line 70, in yaml_load
    return yaml.load(source, Loader)
  File "/usr/lib/python3/dist-packages/yaml/__init__.py", line 72, in load
    return loader.get_single_data()
  File "/usr/lib/python3/dist-packages/yaml/constructor.py", line 35, in get_single_data
    node = self.get_single_node()
  File "/usr/lib/python3/dist-packages/yaml/composer.py", line 36, in get_single_node
    document = self.compose_document()
  File "/usr/lib/python3/dist-packages/yaml/composer.py", line 55, in compose_document
    node = self.compose_node(None, None)
  File "/usr/lib/python3/dist-packages/yaml/composer.py", line 84, in compose_node
    node = self.compose_mapping_node(anchor)
  File "/usr/lib/python3/dist-packages/yaml/composer.py", line 133, in compose_mapping_node
    item_value = self.compose_node(node, item_key)
  File "/usr/lib/python3/dist-packages/yaml/composer.py", line 82, in compose_node
    node = self.compose_sequence_node(anchor)
  File "/usr/lib/python3/dist-packages/yaml/composer.py", line 111, in compose_sequence_node
    node.value.append(self.compose_node(node, index))
  File "/usr/lib/python3/dist-packages/yaml/composer.py", line 84, in compose_node
    node = self.compose_mapping_node(anchor)
  File "/usr/lib/python3/dist-packages/yaml/composer.py", line 133, in compose_mapping_node
    item_value = self.compose_node(node, item_key)
  File "/usr/lib/python3/dist-packages/yaml/composer.py", line 64, in compose_node
    if self.check_event(AliasEvent):
  File "/usr/lib/python3/dist-packages/yaml/parser.py", line 98, in check_event
    self.current_event = self.state()
  File "/usr/lib/python3/dist-packages/yaml/parser.py", line 449, in parse_block_mapping_value
    if not self.check_token(KeyToken, ValueToken, BlockEndToken):
  File "/usr/lib/python3/dist-packages/yaml/scanner.py", line 116, in check_token
    self.fetch_more_tokens()
  File "/usr/lib/python3/dist-packages/yaml/scanner.py", line 257, in fetch_more_tokens
    self.get_mark())
yaml.scanner.ScannerError: while scanning for the next token
found character '\t' that cannot start any token
  in "/home/shiki/.hai1/vim/.vim/docs/mkdocs.yml", line 3, column 17
